{"/Users/kojiro/Projects/authentic-recipes/client/src/App.tsx": {"path":"/Users/kojiro/Projects/authentic-recipes/client/src/App.tsx","statementMap":{"0":{"start":{"line":16,"column":49},"end":{"line":16,"column":59}},"1":{"start":{"line":18,"column":4},"end":{"line":73,"column":6}}},"fnMap":{"0":{"name":"App","decl":{"start":{"line":15,"column":9},"end":{"line":15,"column":12}},"loc":{"start":{"line":15,"column":15},"end":{"line":74,"column":1}},"line":15}},"branchMap":{"0":{"loc":{"start":{"line":19,"column":9},"end":{"line":72,"column":9}},"type":"cond-expr","locations":[{"start":{"line":20,"column":12},"end":{"line":52,"column":18}},{"start":{"line":55,"column":12},"end":{"line":71,"column":14}}],"line":19},"1":{"loc":{"start":{"line":19,"column":9},"end":{"line":19,"column":32}},"type":"binary-expr","locations":[{"start":{"line":19,"column":9},"end":{"line":19,"column":13}},{"start":{"line":19,"column":17},"end":{"line":19,"column":32}}],"line":19},"2":{"loc":{"start":{"line":24,"column":32},"end":{"line":24,"column":55}},"type":"binary-expr","locations":[{"start":{"line":24,"column":32},"end":{"line":24,"column":40}},{"start":{"line":24,"column":44},"end":{"line":24,"column":55}}],"line":24},"3":{"loc":{"start":{"line":33,"column":36},"end":{"line":33,"column":59}},"type":"binary-expr","locations":[{"start":{"line":33,"column":36},"end":{"line":33,"column":44}},{"start":{"line":33,"column":48},"end":{"line":33,"column":59}}],"line":33},"4":{"loc":{"start":{"line":38,"column":42},"end":{"line":38,"column":66}},"type":"binary-expr","locations":[{"start":{"line":38,"column":42},"end":{"line":38,"column":51}},{"start":{"line":38,"column":55},"end":{"line":38,"column":66}}],"line":38},"5":{"loc":{"start":{"line":39,"column":36},"end":{"line":39,"column":59}},"type":"binary-expr","locations":[{"start":{"line":39,"column":36},"end":{"line":39,"column":44}},{"start":{"line":39,"column":48},"end":{"line":39,"column":59}}],"line":39},"6":{"loc":{"start":{"line":42,"column":42},"end":{"line":42,"column":66}},"type":"binary-expr","locations":[{"start":{"line":42,"column":42},"end":{"line":42,"column":51}},{"start":{"line":42,"column":55},"end":{"line":42,"column":66}}],"line":42},"7":{"loc":{"start":{"line":43,"column":39},"end":{"line":43,"column":64}},"type":"binary-expr","locations":[{"start":{"line":43,"column":39},"end":{"line":43,"column":49}},{"start":{"line":43,"column":53},"end":{"line":43,"column":64}}],"line":43}},"s":{"0":1,"1":1},"f":{"0":1},"b":{"0":[0,1],"1":[1,0],"2":[0,0],"3":[0,0],"4":[0,0],"5":[0,0],"6":[0,0],"7":[0,0]},"_coverageSchema":"1a1c01bbd47fc00a2c39e90264f33305004495a9","hash":"1aef63a4ead0ca58e8786819da3cb37c33c782c5"}
,"/Users/kojiro/Projects/authentic-recipes/client/src/Countries.tsx": {"path":"/Users/kojiro/Projects/authentic-recipes/client/src/Countries.tsx","statementMap":{"0":{"start":{"line":1,"column":18},"end":{"line":62,"column":1}}},"fnMap":{},"branchMap":{},"s":{"0":1},"f":{},"b":{},"_coverageSchema":"1a1c01bbd47fc00a2c39e90264f33305004495a9","hash":"057fbb81da52083e56cd198a652a2a3fe893fbbb"}
,"/Users/kojiro/Projects/authentic-recipes/client/src/config.tsx": {"path":"/Users/kojiro/Projects/authentic-recipes/client/src/config.tsx","statementMap":{"0":{"start":{"line":1,"column":27},"end":{"line":1,"column":84}}},"fnMap":{},"branchMap":{},"s":{"0":2},"f":{},"b":{},"_coverageSchema":"1a1c01bbd47fc00a2c39e90264f33305004495a9","hash":"c6751799771cb68b046bdedd8f2027b4cf3e2e29"}
,"/Users/kojiro/Projects/authentic-recipes/client/src/data.tsx": {"path":"/Users/kojiro/Projects/authentic-recipes/client/src/data.tsx","statementMap":{"0":{"start":{"line":3,"column":25},"end":{"line":52,"column":1}}},"fnMap":{},"branchMap":{},"s":{"0":0},"f":{},"b":{}}
,"/Users/kojiro/Projects/authentic-recipes/client/src/index.tsx": {"path":"/Users/kojiro/Projects/authentic-recipes/client/src/index.tsx","statementMap":{"0":{"start":{"line":6,"column":20},"end":{"line":6,"column":51}},"1":{"start":{"line":8,"column":0},"end":{"line":31,"column":1}},"2":{"start":{"line":9,"column":17},"end":{"line":9,"column":49}},"3":{"start":{"line":10,"column":21},"end":{"line":10,"column":63}},"4":{"start":{"line":13,"column":4},"end":{"line":28,"column":6}},"5":{"start":{"line":30,"column":4},"end":{"line":30,"column":60}}},"fnMap":{},"branchMap":{"0":{"loc":{"start":{"line":8,"column":0},"end":{"line":31,"column":1}},"type":"if","locations":[{"start":{"line":8,"column":0},"end":{"line":31,"column":1}},{"start":{"line":29,"column":7},"end":{"line":31,"column":1}}],"line":8},"1":{"loc":{"start":{"line":14,"column":8},"end":{"line":27,"column":9}},"type":"binary-expr","locations":[{"start":{"line":14,"column":8},"end":{"line":14,"column":16}},{"start":{"line":15,"column":12},"end":{"line":26,"column":28}}],"line":14}},"s":{"0":0,"1":0,"2":0,"3":0,"4":0,"5":0},"f":{},"b":{"0":[0,0],"1":[0,0]}}
,"/Users/kojiro/Projects/authentic-recipes/client/src/components/ui/CountryCard/CountryCard.tsx": {"path":"/Users/kojiro/Projects/authentic-recipes/client/src/components/ui/CountryCard/CountryCard.tsx","statementMap":{"0":{"start":{"line":15,"column":27},"end":{"line":46,"column":1}},"1":{"start":{"line":16,"column":4},"end":{"line":45,"column":6}},"2":{"start":{"line":20,"column":20},"end":{"line":42,"column":26}}},"fnMap":{"0":{"name":"(anonymous_0)","decl":{"start":{"line":15,"column":27},"end":{"line":15,"column":28}},"loc":{"start":{"line":15,"column":59},"end":{"line":46,"column":1}},"line":15},"1":{"name":"(anonymous_1)","decl":{"start":{"line":19,"column":30},"end":{"line":19,"column":31}},"loc":{"start":{"line":20,"column":20},"end":{"line":42,"column":26}},"line":20}},"branchMap":{"0":{"loc":{"start":{"line":18,"column":13},"end":{"line":43,"column":18}},"type":"binary-expr","locations":[{"start":{"line":18,"column":13},"end":{"line":18,"column":22}},{"start":{"line":19,"column":16},"end":{"line":43,"column":18}}],"line":18}},"s":{"0":2,"1":3,"2":25},"f":{"0":3,"1":25},"b":{"0":[3,3]},"_coverageSchema":"1a1c01bbd47fc00a2c39e90264f33305004495a9","hash":"21a129818af09f5f19ddacb00b8db8ce9da8e8c8"}
,"/Users/kojiro/Projects/authentic-recipes/client/src/components/ui/Footer/Footer.tsx": {"path":"/Users/kojiro/Projects/authentic-recipes/client/src/components/ui/Footer/Footer.tsx","statementMap":{"0":{"start":{"line":12,"column":15},"end":{"line":79,"column":1}},"1":{"start":{"line":13,"column":30},"end":{"line":13,"column":45}},"2":{"start":{"line":14,"column":24},"end":{"line":17,"column":3}},"3":{"start":{"line":15,"column":4},"end":{"line":15,"column":23}},"4":{"start":{"line":16,"column":4},"end":{"line":16,"column":20}},"5":{"start":{"line":19,"column":2},"end":{"line":78,"column":4}},"6":{"start":{"line":29,"column":16},"end":{"line":29,"column":33}}},"fnMap":{"0":{"name":"(anonymous_0)","decl":{"start":{"line":12,"column":15},"end":{"line":12,"column":16}},"loc":{"start":{"line":12,"column":21},"end":{"line":79,"column":1}},"line":12},"1":{"name":"(anonymous_1)","decl":{"start":{"line":14,"column":24},"end":{"line":14,"column":25}},"loc":{"start":{"line":14,"column":41},"end":{"line":17,"column":3}},"line":14},"2":{"name":"(anonymous_2)","decl":{"start":{"line":28,"column":24},"end":{"line":28,"column":25}},"loc":{"start":{"line":28,"column":31},"end":{"line":30,"column":15}},"line":28}},"branchMap":{"0":{"loc":{"start":{"line":40,"column":17},"end":{"line":40,"column":44}},"type":"binary-expr","locations":[{"start":{"line":40,"column":17},"end":{"line":40,"column":23}},{"start":{"line":40,"column":27},"end":{"line":40,"column":44}}],"line":40}},"s":{"0":2,"1":2,"2":2,"3":0,"4":0,"5":2,"6":0},"f":{"0":2,"1":0,"2":0},"b":{"0":[2,0]},"_coverageSchema":"1a1c01bbd47fc00a2c39e90264f33305004495a9","hash":"e380eba176784502fd45c114fd8a45a03dfcbb50"}
,"/Users/kojiro/Projects/authentic-recipes/client/src/components/ui/Login/Login.tsx": {"path":"/Users/kojiro/Projects/authentic-recipes/client/src/components/ui/Login/Login.tsx","statementMap":{"0":{"start":{"line":4,"column":20},"end":{"line":10,"column":1}},"1":{"start":{"line":5,"column":35},"end":{"line":5,"column":45}},"2":{"start":{"line":7,"column":4},"end":{"line":9,"column":6}},"3":{"start":{"line":8,"column":31},"end":{"line":8,"column":50}}},"fnMap":{"0":{"name":"(anonymous_0)","decl":{"start":{"line":4,"column":20},"end":{"line":4,"column":21}},"loc":{"start":{"line":4,"column":28},"end":{"line":10,"column":1}},"line":4},"1":{"name":"(anonymous_1)","decl":{"start":{"line":8,"column":25},"end":{"line":8,"column":26}},"loc":{"start":{"line":8,"column":31},"end":{"line":8,"column":50}},"line":8}},"branchMap":{},"s":{"0":3,"1":8,"2":8,"3":0},"f":{"0":8,"1":0},"b":{},"_coverageSchema":"1a1c01bbd47fc00a2c39e90264f33305004495a9","hash":"816bbb0c319782ccef85f674aa83b9aeb2175293"}
,"/Users/kojiro/Projects/authentic-recipes/client/src/components/ui/Logout/Logout.tsx": {"path":"/Users/kojiro/Projects/authentic-recipes/client/src/components/ui/Logout/Logout.tsx","statementMap":{"0":{"start":{"line":5,"column":22},"end":{"line":15,"column":1}},"1":{"start":{"line":6,"column":23},"end":{"line":6,"column":33}},"2":{"start":{"line":8,"column":4},"end":{"line":14,"column":6}},"3":{"start":{"line":9,"column":31},"end":{"line":13,"column":10}}},"fnMap":{"0":{"name":"(anonymous_0)","decl":{"start":{"line":5,"column":22},"end":{"line":5,"column":23}},"loc":{"start":{"line":5,"column":28},"end":{"line":15,"column":1}},"line":5},"1":{"name":"(anonymous_1)","decl":{"start":{"line":9,"column":25},"end":{"line":9,"column":26}},"loc":{"start":{"line":9,"column":31},"end":{"line":13,"column":10}},"line":9}},"branchMap":{},"s":{"0":3,"1":2,"2":2,"3":0},"f":{"0":2,"1":0},"b":{},"_coverageSchema":"1a1c01bbd47fc00a2c39e90264f33305004495a9","hash":"0c537f4d42db5bcb57feed2213dbbae5de1a2d51"}
,"/Users/kojiro/Projects/authentic-recipes/client/src/components/ui/MyCarousel/MyCarousel.tsx": {"path":"/Users/kojiro/Projects/authentic-recipes/client/src/components/ui/MyCarousel/MyCarousel.tsx","statementMap":{"0":{"start":{"line":6,"column":26},"end":{"line":95,"column":1}},"1":{"start":{"line":11,"column":4},"end":{"line":50,"column":6}},"2":{"start":{"line":25,"column":20},"end":{"line":46,"column":35}},"3":{"start":{"line":29,"column":32},"end":{"line":29,"column":52}}},"fnMap":{"0":{"name":"(anonymous_0)","decl":{"start":{"line":6,"column":26},"end":{"line":6,"column":27}},"loc":{"start":{"line":10,"column":6},"end":{"line":95,"column":1}},"line":10},"1":{"name":"(anonymous_1)","decl":{"start":{"line":24,"column":29},"end":{"line":24,"column":30}},"loc":{"start":{"line":25,"column":20},"end":{"line":46,"column":35}},"line":25},"2":{"name":"(anonymous_2)","decl":{"start":{"line":28,"column":37},"end":{"line":28,"column":38}},"loc":{"start":{"line":28,"column":44},"end":{"line":30,"column":29}},"line":28}},"branchMap":{"0":{"loc":{"start":{"line":12,"column":8},"end":{"line":49,"column":9}},"type":"binary-expr","locations":[{"start":{"line":12,"column":8},"end":{"line":12,"column":15}},{"start":{"line":13,"column":12},"end":{"line":48,"column":31}}],"line":12}},"s":{"0":1,"1":0,"2":0,"3":0},"f":{"0":0,"1":0,"2":0},"b":{"0":[0,0]},"_coverageSchema":"1a1c01bbd47fc00a2c39e90264f33305004495a9","hash":"2612133b47685f7f80f2c882cc472cf56b88996d"}
,"/Users/kojiro/Projects/authentic-recipes/client/src/components/ui/Navbar/Navbar.tsx": {"path":"/Users/kojiro/Projects/authentic-recipes/client/src/components/ui/Navbar/Navbar.tsx","statementMap":{"0":{"start":{"line":15,"column":15},"end":{"line":176,"column":1}},"1":{"start":{"line":16,"column":32},"end":{"line":16,"column":47}},"2":{"start":{"line":17,"column":50},"end":{"line":17,"column":65}},"3":{"start":{"line":18,"column":19},"end":{"line":18,"column":47}},"4":{"start":{"line":20,"column":25},"end":{"line":22,"column":5}},"5":{"start":{"line":21,"column":8},"end":{"line":21,"column":27}},"6":{"start":{"line":24,"column":26},"end":{"line":26,"column":5}},"7":{"start":{"line":25,"column":8},"end":{"line":25,"column":45}},"8":{"start":{"line":28,"column":25},"end":{"line":37,"column":5}},"9":{"start":{"line":29,"column":8},"end":{"line":31,"column":9}},"10":{"start":{"line":30,"column":12},"end":{"line":30,"column":24}},"11":{"start":{"line":32,"column":8},"end":{"line":36,"column":9}},"12":{"start":{"line":33,"column":12},"end":{"line":33,"column":38}},"13":{"start":{"line":35,"column":12},"end":{"line":35,"column":24}},"14":{"start":{"line":39,"column":4},"end":{"line":44,"column":11}},"15":{"start":{"line":40,"column":8},"end":{"line":40,"column":57}},"16":{"start":{"line":41,"column":8},"end":{"line":43,"column":10}},"17":{"start":{"line":42,"column":12},"end":{"line":42,"column":64}},"18":{"start":{"line":46,"column":4},"end":{"line":48,"column":5}},"19":{"start":{"line":47,"column":8},"end":{"line":47,"column":37}},"20":{"start":{"line":50,"column":4},"end":{"line":175,"column":6}}},"fnMap":{"0":{"name":"(anonymous_0)","decl":{"start":{"line":15,"column":15},"end":{"line":15,"column":16}},"loc":{"start":{"line":15,"column":72},"end":{"line":176,"column":1}},"line":15},"1":{"name":"(anonymous_1)","decl":{"start":{"line":20,"column":25},"end":{"line":20,"column":26}},"loc":{"start":{"line":20,"column":31},"end":{"line":22,"column":5}},"line":20},"2":{"name":"(anonymous_2)","decl":{"start":{"line":24,"column":26},"end":{"line":24,"column":27}},"loc":{"start":{"line":24,"column":32},"end":{"line":26,"column":5}},"line":24},"3":{"name":"(anonymous_3)","decl":{"start":{"line":28,"column":25},"end":{"line":28,"column":26}},"loc":{"start":{"line":28,"column":44},"end":{"line":37,"column":5}},"line":28},"4":{"name":"(anonymous_4)","decl":{"start":{"line":39,"column":14},"end":{"line":39,"column":15}},"loc":{"start":{"line":39,"column":20},"end":{"line":44,"column":5}},"line":39},"5":{"name":"(anonymous_5)","decl":{"start":{"line":41,"column":15},"end":{"line":41,"column":16}},"loc":{"start":{"line":41,"column":21},"end":{"line":43,"column":9}},"line":41}},"branchMap":{"0":{"loc":{"start":{"line":29,"column":8},"end":{"line":31,"column":9}},"type":"if","locations":[{"start":{"line":29,"column":8},"end":{"line":31,"column":9}},{"start":{},"end":{}}],"line":29},"1":{"loc":{"start":{"line":32,"column":8},"end":{"line":36,"column":9}},"type":"if","locations":[{"start":{"line":32,"column":8},"end":{"line":36,"column":9}},{"start":{"line":34,"column":15},"end":{"line":36,"column":9}}],"line":32},"2":{"loc":{"start":{"line":46,"column":4},"end":{"line":48,"column":5}},"type":"if","locations":[{"start":{"line":46,"column":4},"end":{"line":48,"column":5}},{"start":{},"end":{}}],"line":46},"3":{"loc":{"start":{"line":50,"column":11},"end":{"line":175,"column":5}},"type":"cond-expr","locations":[{"start":{"line":51,"column":8},"end":{"line":127,"column":14}},{"start":{"line":129,"column":8},"end":{"line":174,"column":14}}],"line":50},"4":{"loc":{"start":{"line":74,"column":48},"end":{"line":74,"column":66}},"type":"binary-expr","locations":[{"start":{"line":74,"column":48},"end":{"line":74,"column":54}},{"start":{"line":74,"column":58},"end":{"line":74,"column":66}}],"line":74},"5":{"loc":{"start":{"line":95,"column":40},"end":{"line":95,"column":67}},"type":"binary-expr","locations":[{"start":{"line":95,"column":40},"end":{"line":95,"column":55}},{"start":{"line":95,"column":59},"end":{"line":95,"column":67}}],"line":95},"6":{"loc":{"start":{"line":101,"column":44},"end":{"line":101,"column":71}},"type":"binary-expr","locations":[{"start":{"line":101,"column":44},"end":{"line":101,"column":59}},{"start":{"line":101,"column":63},"end":{"line":101,"column":71}}],"line":101},"7":{"loc":{"start":{"line":151,"column":48},"end":{"line":151,"column":66}},"type":"binary-expr","locations":[{"start":{"line":151,"column":48},"end":{"line":151,"column":54}},{"start":{"line":151,"column":58},"end":{"line":151,"column":66}}],"line":151}},"s":{"0":2,"1":8,"2":8,"3":8,"4":8,"5":0,"6":8,"7":0,"8":8,"9":4,"10":4,"11":0,"12":0,"13":0,"14":8,"15":8,"16":8,"17":8,"18":8,"19":0,"20":8},"f":{"0":8,"1":0,"2":0,"3":4,"4":8,"5":8},"b":{"0":[4,0],"1":[0,0],"2":[0,8],"3":[1,7],"4":[1,0],"5":[1,0],"6":[1,0],"7":[7,0]},"_coverageSchema":"1a1c01bbd47fc00a2c39e90264f33305004495a9","hash":"5157952d8a71772779142ab5b70065aef9ad4952"}
,"/Users/kojiro/Projects/authentic-recipes/client/src/components/ui/RecipeCard/RecipeCard.tsx": {"path":"/Users/kojiro/Projects/authentic-recipes/client/src/components/ui/RecipeCard/RecipeCard.tsx","statementMap":{"0":{"start":{"line":6,"column":26},"end":{"line":127,"column":1}},"1":{"start":{"line":16,"column":23},"end":{"line":22,"column":5}},"2":{"start":{"line":17,"column":22},"end":{"line":17,"column":43}},"3":{"start":{"line":18,"column":8},"end":{"line":20,"column":9}},"4":{"start":{"line":18,"column":21},"end":{"line":18,"column":22}},"5":{"start":{"line":19,"column":12},"end":{"line":19,"column":70}},"6":{"start":{"line":21,"column":8},"end":{"line":21,"column":31}},"7":{"start":{"line":24,"column":4},"end":{"line":73,"column":5}},"8":{"start":{"line":25,"column":8},"end":{"line":72,"column":9}},"9":{"start":{"line":26,"column":12},"end":{"line":31,"column":14}},"10":{"start":{"line":33,"column":12},"end":{"line":71,"column":15}},"11":{"start":{"line":34,"column":16},"end":{"line":70,"column":22}},"12":{"start":{"line":75,"column":4},"end":{"line":124,"column":5}},"13":{"start":{"line":76,"column":8},"end":{"line":83,"column":9}},"14":{"start":{"line":77,"column":12},"end":{"line":82,"column":14}},"15":{"start":{"line":85,"column":8},"end":{"line":123,"column":11}},"16":{"start":{"line":86,"column":12},"end":{"line":122,"column":18}},"17":{"start":{"line":126,"column":4},"end":{"line":126,"column":29}}},"fnMap":{"0":{"name":"(anonymous_0)","decl":{"start":{"line":6,"column":26},"end":{"line":6,"column":27}},"loc":{"start":{"line":14,"column":6},"end":{"line":127,"column":1}},"line":14},"1":{"name":"(anonymous_1)","decl":{"start":{"line":16,"column":23},"end":{"line":16,"column":24}},"loc":{"start":{"line":16,"column":40},"end":{"line":22,"column":5}},"line":16},"2":{"name":"(anonymous_2)","decl":{"start":{"line":33,"column":38},"end":{"line":33,"column":39}},"loc":{"start":{"line":34,"column":16},"end":{"line":70,"column":22}},"line":34},"3":{"name":"(anonymous_3)","decl":{"start":{"line":85,"column":30},"end":{"line":85,"column":31}},"loc":{"start":{"line":86,"column":12},"end":{"line":122,"column":18}},"line":86}},"branchMap":{"0":{"loc":{"start":{"line":24,"column":4},"end":{"line":73,"column":5}},"type":"if","locations":[{"start":{"line":24,"column":4},"end":{"line":73,"column":5}},{"start":{},"end":{}}],"line":24},"1":{"loc":{"start":{"line":24,"column":8},"end":{"line":24,"column":32}},"type":"binary-expr","locations":[{"start":{"line":24,"column":8},"end":{"line":24,"column":14}},{"start":{"line":24,"column":18},"end":{"line":24,"column":32}}],"line":24},"2":{"loc":{"start":{"line":25,"column":8},"end":{"line":72,"column":9}},"type":"if","locations":[{"start":{"line":25,"column":8},"end":{"line":72,"column":9}},{"start":{"line":32,"column":15},"end":{"line":72,"column":9}}],"line":25},"3":{"loc":{"start":{"line":75,"column":4},"end":{"line":124,"column":5}},"type":"if","locations":[{"start":{"line":75,"column":4},"end":{"line":124,"column":5}},{"start":{},"end":{}}],"line":75},"4":{"loc":{"start":{"line":76,"column":8},"end":{"line":83,"column":9}},"type":"if","locations":[{"start":{"line":76,"column":8},"end":{"line":83,"column":9}},{"start":{},"end":{}}],"line":76}},"s":{"0":3,"1":3,"2":1,"3":1,"4":1,"5":1,"6":1,"7":3,"8":0,"9":0,"10":0,"11":0,"12":3,"13":3,"14":2,"15":1,"16":1,"17":0},"f":{"0":3,"1":1,"2":0,"3":1},"b":{"0":[0,3],"1":[3,0],"2":[0,0],"3":[3,0],"4":[2,1]},"_coverageSchema":"1a1c01bbd47fc00a2c39e90264f33305004495a9","hash":"ad4a4a0a17b4723e261888d341015a9a90023627"}
,"/Users/kojiro/Projects/authentic-recipes/client/src/hooks/useScrollToTop.tsx": {"path":"/Users/kojiro/Projects/authentic-recipes/client/src/hooks/useScrollToTop.tsx","statementMap":{"0":{"start":{"line":3,"column":23},"end":{"line":8,"column":1}},"1":{"start":{"line":5,"column":2},"end":{"line":7,"column":9}},"2":{"start":{"line":6,"column":4},"end":{"line":6,"column":26}}},"fnMap":{"0":{"name":"(anonymous_0)","decl":{"start":{"line":3,"column":23},"end":{"line":3,"column":24}},"loc":{"start":{"line":3,"column":29},"end":{"line":8,"column":1}},"line":3},"1":{"name":"(anonymous_1)","decl":{"start":{"line":5,"column":12},"end":{"line":5,"column":13}},"loc":{"start":{"line":5,"column":18},"end":{"line":7,"column":3}},"line":5}},"branchMap":{},"s":{"0":3,"1":3,"2":2},"f":{"0":3,"1":2},"b":{},"_coverageSchema":"1a1c01bbd47fc00a2c39e90264f33305004495a9","hash":"624654a684620094a49bf1912ce8efe69a7912a8"}
,"/Users/kojiro/Projects/authentic-recipes/client/src/pages/About/About.tsx": {"path":"/Users/kojiro/Projects/authentic-recipes/client/src/pages/About/About.tsx","statementMap":{"0":{"start":{"line":4,"column":14},"end":{"line":106,"column":1}},"1":{"start":{"line":5,"column":4},"end":{"line":5,"column":21}},"2":{"start":{"line":7,"column":4},"end":{"line":105,"column":6}}},"fnMap":{"0":{"name":"(anonymous_0)","decl":{"start":{"line":4,"column":14},"end":{"line":4,"column":15}},"loc":{"start":{"line":4,"column":20},"end":{"line":106,"column":1}},"line":4}},"branchMap":{},"s":{"0":2,"1":1,"2":1},"f":{"0":1},"b":{},"_coverageSchema":"1a1c01bbd47fc00a2c39e90264f33305004495a9","hash":"42417055cc936ac3ecff76e8886f566b62865cba"}
,"/Users/kojiro/Projects/authentic-recipes/client/src/pages/Browse/Browse.tsx": {"path":"/Users/kojiro/Projects/authentic-recipes/client/src/pages/Browse/Browse.tsx","statementMap":{"0":{"start":{"line":9,"column":15},"end":{"line":64,"column":1}},"1":{"start":{"line":10,"column":4},"end":{"line":10,"column":21}},"2":{"start":{"line":11,"column":21},"end":{"line":11,"column":34}},"3":{"start":{"line":12,"column":34},"end":{"line":14,"column":5}},"4":{"start":{"line":15,"column":23},"end":{"line":15,"column":41}},"5":{"start":{"line":16,"column":50},"end":{"line":19,"column":5}},"6":{"start":{"line":20,"column":24},"end":{"line":22,"column":5}},"7":{"start":{"line":21,"column":8},"end":{"line":21,"column":22}},"8":{"start":{"line":24,"column":4},"end":{"line":63,"column":6}},"9":{"start":{"line":34,"column":36},"end":{"line":34,"column":50}},"10":{"start":{"line":46,"column":40},"end":{"line":46,"column":70}}},"fnMap":{"0":{"name":"(anonymous_0)","decl":{"start":{"line":9,"column":15},"end":{"line":9,"column":16}},"loc":{"start":{"line":9,"column":21},"end":{"line":64,"column":1}},"line":9},"1":{"name":"(anonymous_1)","decl":{"start":{"line":20,"column":24},"end":{"line":20,"column":25}},"loc":{"start":{"line":20,"column":30},"end":{"line":22,"column":5}},"line":20},"2":{"name":"(anonymous_2)","decl":{"start":{"line":33,"column":41},"end":{"line":33,"column":42}},"loc":{"start":{"line":33,"column":47},"end":{"line":35,"column":33}},"line":33},"3":{"name":"(anonymous_3)","decl":{"start":{"line":45,"column":46},"end":{"line":45,"column":47}},"loc":{"start":{"line":45,"column":57},"end":{"line":47,"column":37}},"line":45}},"branchMap":{"0":{"loc":{"start":{"line":13,"column":8},"end":{"line":13,"column":52}},"type":"cond-expr","locations":[{"start":{"line":13,"column":25},"end":{"line":13,"column":47}},{"start":{"line":13,"column":50},"end":{"line":13,"column":52}}],"line":13},"1":{"loc":{"start":{"line":25,"column":8},"end":{"line":62,"column":9}},"type":"binary-expr","locations":[{"start":{"line":25,"column":8},"end":{"line":25,"column":18}},{"start":{"line":26,"column":12},"end":{"line":61,"column":18}}],"line":25}},"s":{"0":2,"1":2,"2":2,"3":2,"4":2,"5":2,"6":2,"7":0,"8":2,"9":0,"10":0},"f":{"0":2,"1":0,"2":0,"3":0},"b":{"0":[0,2],"1":[2,2]},"_coverageSchema":"1a1c01bbd47fc00a2c39e90264f33305004495a9","hash":"4ecca1ca9bce11b6eccb2a8c5d02e8a63ef50cec"}
,"/Users/kojiro/Projects/authentic-recipes/client/src/pages/Browse/useFilteredResult.tsx": {"path":"/Users/kojiro/Projects/authentic-recipes/client/src/pages/Browse/useFilteredResult.tsx","statementMap":{"0":{"start":{"line":4,"column":26},"end":{"line":16,"column":1}},"1":{"start":{"line":5,"column":32},"end":{"line":5,"column":49}},"2":{"start":{"line":6,"column":48},"end":{"line":6,"column":74}},"3":{"start":{"line":8,"column":4},"end":{"line":13,"column":29}},"4":{"start":{"line":9,"column":44},"end":{"line":11,"column":10}},"5":{"start":{"line":10,"column":12},"end":{"line":10,"column":67}},"6":{"start":{"line":12,"column":8},"end":{"line":12,"column":36}},"7":{"start":{"line":15,"column":4},"end":{"line":15,"column":46}}},"fnMap":{"0":{"name":"(anonymous_0)","decl":{"start":{"line":4,"column":26},"end":{"line":4,"column":27}},"loc":{"start":{"line":4,"column":79},"end":{"line":16,"column":1}},"line":4},"1":{"name":"(anonymous_1)","decl":{"start":{"line":8,"column":14},"end":{"line":8,"column":15}},"loc":{"start":{"line":8,"column":20},"end":{"line":13,"column":5}},"line":8},"2":{"name":"(anonymous_2)","decl":{"start":{"line":9,"column":62},"end":{"line":9,"column":63}},"loc":{"start":{"line":9,"column":74},"end":{"line":11,"column":9}},"line":9}},"branchMap":{},"s":{"0":2,"1":2,"2":2,"3":2,"4":1,"5":0,"6":1,"7":2},"f":{"0":2,"1":1,"2":0},"b":{},"_coverageSchema":"1a1c01bbd47fc00a2c39e90264f33305004495a9","hash":"009a55e5f6fbe790f41dae738d29010f8cb7dca6"}
,"/Users/kojiro/Projects/authentic-recipes/client/src/pages/Browse/useGetAllRecipes.tsx": {"path":"/Users/kojiro/Projects/authentic-recipes/client/src/pages/Browse/useGetAllRecipes.tsx","statementMap":{"0":{"start":{"line":4,"column":25},"end":{"line":18,"column":1}},"1":{"start":{"line":5,"column":40},"end":{"line":5,"column":52}},"2":{"start":{"line":7,"column":4},"end":{"line":16,"column":11}},"3":{"start":{"line":8,"column":29},"end":{"line":14,"column":9}},"4":{"start":{"line":9,"column":29},"end":{"line":11,"column":14}},"5":{"start":{"line":12,"column":25},"end":{"line":12,"column":46}},"6":{"start":{"line":13,"column":12},"end":{"line":13,"column":32}},"7":{"start":{"line":15,"column":8},"end":{"line":15,"column":23}},"8":{"start":{"line":17,"column":4},"end":{"line":17,"column":21}}},"fnMap":{"0":{"name":"(anonymous_0)","decl":{"start":{"line":4,"column":25},"end":{"line":4,"column":26}},"loc":{"start":{"line":4,"column":31},"end":{"line":18,"column":1}},"line":4},"1":{"name":"(anonymous_1)","decl":{"start":{"line":7,"column":14},"end":{"line":7,"column":15}},"loc":{"start":{"line":7,"column":20},"end":{"line":16,"column":5}},"line":7},"2":{"name":"(anonymous_2)","decl":{"start":{"line":8,"column":29},"end":{"line":8,"column":30}},"loc":{"start":{"line":8,"column":41},"end":{"line":14,"column":9}},"line":8}},"branchMap":{},"s":{"0":2,"1":2,"2":2,"3":1,"4":1,"5":0,"6":0,"7":1,"8":2},"f":{"0":2,"1":1,"2":1},"b":{},"_coverageSchema":"1a1c01bbd47fc00a2c39e90264f33305004495a9","hash":"adb52e64898e7c7a63da77bd2c612697e113c5c2"}
,"/Users/kojiro/Projects/authentic-recipes/client/src/pages/Create/Create.tsx": {"path":"/Users/kojiro/Projects/authentic-recipes/client/src/pages/Create/Create.tsx","statementMap":{"0":{"start":{"line":6,"column":23},"end":{"line":6,"column":38}},"1":{"start":{"line":12,"column":15},"end":{"line":203,"column":1}},"2":{"start":{"line":14,"column":30},"end":{"line":14,"column":50}},"3":{"start":{"line":15,"column":42},"end":{"line":15,"column":62}},"4":{"start":{"line":16,"column":34},"end":{"line":16,"column":54}},"5":{"start":{"line":17,"column":42},"end":{"line":17,"column":62}},"6":{"start":{"line":18,"column":44},"end":{"line":18,"column":64}},"7":{"start":{"line":19,"column":38},"end":{"line":19,"column":58}},"8":{"start":{"line":20,"column":36},"end":{"line":20,"column":56}},"9":{"start":{"line":21,"column":44},"end":{"line":21,"column":64}},"10":{"start":{"line":22,"column":30},"end":{"line":22,"column":50}},"11":{"start":{"line":23,"column":40},"end":{"line":23,"column":60}},"12":{"start":{"line":24,"column":28},"end":{"line":24,"column":48}},"13":{"start":{"line":25,"column":30},"end":{"line":25,"column":46}},"14":{"start":{"line":26,"column":21},"end":{"line":26,"column":34}},"15":{"start":{"line":29,"column":4},"end":{"line":31,"column":11}},"16":{"start":{"line":30,"column":8},"end":{"line":30,"column":30}},"17":{"start":{"line":33,"column":25},"end":{"line":68,"column":5}},"18":{"start":{"line":34,"column":8},"end":{"line":34,"column":27}},"19":{"start":{"line":37,"column":25},"end":{"line":37,"column":39}},"20":{"start":{"line":38,"column":8},"end":{"line":38,"column":46}},"21":{"start":{"line":39,"column":8},"end":{"line":39,"column":42}},"22":{"start":{"line":40,"column":8},"end":{"line":40,"column":40}},"23":{"start":{"line":41,"column":8},"end":{"line":41,"column":52}},"24":{"start":{"line":42,"column":8},"end":{"line":42,"column":44}},"25":{"start":{"line":43,"column":8},"end":{"line":43,"column":52}},"26":{"start":{"line":44,"column":8},"end":{"line":44,"column":54}},"27":{"start":{"line":45,"column":8},"end":{"line":45,"column":48}},"28":{"start":{"line":46,"column":8},"end":{"line":46,"column":46}},"29":{"start":{"line":47,"column":8},"end":{"line":47,"column":54}},"30":{"start":{"line":48,"column":8},"end":{"line":48,"column":40}},"31":{"start":{"line":49,"column":8},"end":{"line":49,"column":50}},"32":{"start":{"line":50,"column":8},"end":{"line":50,"column":38}},"33":{"start":{"line":51,"column":8},"end":{"line":51,"column":49}},"34":{"start":{"line":55,"column":8},"end":{"line":64,"column":15}},"35":{"start":{"line":60,"column":16},"end":{"line":60,"column":38}},"36":{"start":{"line":63,"column":16},"end":{"line":63,"column":35}},"37":{"start":{"line":67,"column":8},"end":{"line":67,"column":22}},"38":{"start":{"line":70,"column":4},"end":{"line":76,"column":5}},"39":{"start":{"line":71,"column":8},"end":{"line":75,"column":10}},"40":{"start":{"line":78,"column":4},"end":{"line":202,"column":6}},"41":{"start":{"line":86,"column":28},"end":{"line":86,"column":60}},"42":{"start":{"line":86,"column":53},"end":{"line":86,"column":60}},"43":{"start":{"line":87,"column":28},"end":{"line":87,"column":60}},"44":{"start":{"line":97,"column":28},"end":{"line":97,"column":57}},"45":{"start":{"line":105,"column":28},"end":{"line":105,"column":63}},"46":{"start":{"line":112,"column":28},"end":{"line":112,"column":73}},"47":{"start":{"line":120,"column":28},"end":{"line":120,"column":63}},"48":{"start":{"line":129,"column":28},"end":{"line":129,"column":64}},"49":{"start":{"line":139,"column":28},"end":{"line":139,"column":61}},"50":{"start":{"line":148,"column":28},"end":{"line":148,"column":60}},"51":{"start":{"line":159,"column":36},"end":{"line":159,"column":72}},"52":{"start":{"line":170,"column":36},"end":{"line":170,"column":65}},"53":{"start":{"line":181,"column":36},"end":{"line":181,"column":70}},"54":{"start":{"line":192,"column":28},"end":{"line":192,"column":56}}},"fnMap":{"0":{"name":"(anonymous_0)","decl":{"start":{"line":12,"column":15},"end":{"line":12,"column":16}},"loc":{"start":{"line":12,"column":72},"end":{"line":203,"column":1}},"line":12},"1":{"name":"(anonymous_1)","decl":{"start":{"line":29,"column":14},"end":{"line":29,"column":15}},"loc":{"start":{"line":29,"column":20},"end":{"line":31,"column":5}},"line":29},"2":{"name":"(anonymous_2)","decl":{"start":{"line":33,"column":25},"end":{"line":33,"column":26}},"loc":{"start":{"line":33,"column":49},"end":{"line":68,"column":5}},"line":33},"3":{"name":"(anonymous_3)","decl":{"start":{"line":59,"column":18},"end":{"line":59,"column":19}},"loc":{"start":{"line":59,"column":32},"end":{"line":61,"column":13}},"line":59},"4":{"name":"(anonymous_4)","decl":{"start":{"line":62,"column":19},"end":{"line":62,"column":20}},"loc":{"start":{"line":62,"column":30},"end":{"line":64,"column":13}},"line":62},"5":{"name":"(anonymous_5)","decl":{"start":{"line":85,"column":34},"end":{"line":85,"column":35}},"loc":{"start":{"line":85,"column":45},"end":{"line":88,"column":25}},"line":85},"6":{"name":"(anonymous_6)","decl":{"start":{"line":96,"column":34},"end":{"line":96,"column":35}},"loc":{"start":{"line":96,"column":45},"end":{"line":98,"column":25}},"line":96},"7":{"name":"(anonymous_7)","decl":{"start":{"line":104,"column":34},"end":{"line":104,"column":35}},"loc":{"start":{"line":104,"column":45},"end":{"line":106,"column":25}},"line":104},"8":{"name":"(anonymous_8)","decl":{"start":{"line":111,"column":34},"end":{"line":111,"column":35}},"loc":{"start":{"line":111,"column":45},"end":{"line":113,"column":25}},"line":111},"9":{"name":"(anonymous_9)","decl":{"start":{"line":119,"column":34},"end":{"line":119,"column":35}},"loc":{"start":{"line":119,"column":45},"end":{"line":121,"column":25}},"line":119},"10":{"name":"(anonymous_10)","decl":{"start":{"line":128,"column":34},"end":{"line":128,"column":35}},"loc":{"start":{"line":128,"column":45},"end":{"line":130,"column":25}},"line":128},"11":{"name":"(anonymous_11)","decl":{"start":{"line":138,"column":34},"end":{"line":138,"column":35}},"loc":{"start":{"line":138,"column":45},"end":{"line":140,"column":25}},"line":138},"12":{"name":"(anonymous_12)","decl":{"start":{"line":147,"column":34},"end":{"line":147,"column":35}},"loc":{"start":{"line":147,"column":45},"end":{"line":149,"column":25}},"line":147},"13":{"name":"(anonymous_13)","decl":{"start":{"line":158,"column":42},"end":{"line":158,"column":43}},"loc":{"start":{"line":158,"column":53},"end":{"line":160,"column":33}},"line":158},"14":{"name":"(anonymous_14)","decl":{"start":{"line":169,"column":42},"end":{"line":169,"column":43}},"loc":{"start":{"line":169,"column":53},"end":{"line":171,"column":33}},"line":169},"15":{"name":"(anonymous_15)","decl":{"start":{"line":180,"column":42},"end":{"line":180,"column":43}},"loc":{"start":{"line":180,"column":53},"end":{"line":182,"column":33}},"line":180},"16":{"name":"(anonymous_16)","decl":{"start":{"line":191,"column":34},"end":{"line":191,"column":35}},"loc":{"start":{"line":191,"column":45},"end":{"line":193,"column":25}},"line":191}},"branchMap":{"0":{"loc":{"start":{"line":51,"column":8},"end":{"line":51,"column":48}},"type":"binary-expr","locations":[{"start":{"line":51,"column":8},"end":{"line":51,"column":13}},{"start":{"line":51,"column":17},"end":{"line":51,"column":48}}],"line":51},"1":{"loc":{"start":{"line":70,"column":4},"end":{"line":76,"column":5}},"type":"if","locations":[{"start":{"line":70,"column":4},"end":{"line":76,"column":5}},{"start":{},"end":{}}],"line":70},"2":{"loc":{"start":{"line":78,"column":11},"end":{"line":202,"column":5}},"type":"cond-expr","locations":[{"start":{"line":79,"column":8},"end":{"line":199,"column":14}},{"start":{"line":201,"column":8},"end":{"line":201,"column":27}}],"line":78},"3":{"loc":{"start":{"line":86,"column":28},"end":{"line":86,"column":60}},"type":"if","locations":[{"start":{"line":86,"column":28},"end":{"line":86,"column":60}},{"start":{},"end":{}}],"line":86}},"s":{"0":1,"1":1,"2":0,"3":0,"4":0,"5":0,"6":0,"7":0,"8":0,"9":0,"10":0,"11":0,"12":0,"13":0,"14":0,"15":0,"16":0,"17":0,"18":0,"19":0,"20":0,"21":0,"22":0,"23":0,"24":0,"25":0,"26":0,"27":0,"28":0,"29":0,"30":0,"31":0,"32":0,"33":0,"34":0,"35":0,"36":0,"37":0,"38":0,"39":0,"40":0,"41":0,"42":0,"43":0,"44":0,"45":0,"46":0,"47":0,"48":0,"49":0,"50":0,"51":0,"52":0,"53":0,"54":0},"f":{"0":0,"1":0,"2":0,"3":0,"4":0,"5":0,"6":0,"7":0,"8":0,"9":0,"10":0,"11":0,"12":0,"13":0,"14":0,"15":0,"16":0},"b":{"0":[0,0],"1":[0,0],"2":[0,0],"3":[0,0]},"_coverageSchema":"1a1c01bbd47fc00a2c39e90264f33305004495a9","hash":"382d0d75eb7f2c89b073dfc5ba672fe70973ec60"}
,"/Users/kojiro/Projects/authentic-recipes/client/src/pages/Home/Home.tsx": {"path":"/Users/kojiro/Projects/authentic-recipes/client/src/pages/Home/Home.tsx","statementMap":{"0":{"start":{"line":12,"column":13},"end":{"line":135,"column":1}},"1":{"start":{"line":14,"column":34},"end":{"line":14,"column":58}},"2":{"start":{"line":15,"column":28},"end":{"line":15,"column":49}},"3":{"start":{"line":16,"column":24},"end":{"line":16,"column":44}},"4":{"start":{"line":16,"column":30},"end":{"line":16,"column":44}},"5":{"start":{"line":19,"column":4},"end":{"line":21,"column":11}},"6":{"start":{"line":20,"column":8},"end":{"line":20,"column":30}},"7":{"start":{"line":24,"column":4},"end":{"line":33,"column":11}},"8":{"start":{"line":25,"column":27},"end":{"line":31,"column":9}},"9":{"start":{"line":26,"column":29},"end":{"line":28,"column":14}},"10":{"start":{"line":29,"column":25},"end":{"line":29,"column":46}},"11":{"start":{"line":30,"column":12},"end":{"line":30,"column":29}},"12":{"start":{"line":32,"column":8},"end":{"line":32,"column":21}},"13":{"start":{"line":35,"column":4},"end":{"line":43,"column":11}},"14":{"start":{"line":36,"column":22},"end":{"line":36,"column":52}},"15":{"start":{"line":37,"column":8},"end":{"line":42,"column":9}},"16":{"start":{"line":38,"column":12},"end":{"line":38,"column":27}},"17":{"start":{"line":40,"column":12},"end":{"line":40,"column":50}},"18":{"start":{"line":41,"column":12},"end":{"line":41,"column":26}},"19":{"start":{"line":45,"column":4},"end":{"line":134,"column":6}}},"fnMap":{"0":{"name":"(anonymous_0)","decl":{"start":{"line":12,"column":13},"end":{"line":12,"column":14}},"loc":{"start":{"line":12,"column":19},"end":{"line":135,"column":1}},"line":12},"1":{"name":"(anonymous_1)","decl":{"start":{"line":16,"column":24},"end":{"line":16,"column":25}},"loc":{"start":{"line":16,"column":30},"end":{"line":16,"column":44}},"line":16},"2":{"name":"(anonymous_2)","decl":{"start":{"line":19,"column":14},"end":{"line":19,"column":15}},"loc":{"start":{"line":19,"column":20},"end":{"line":21,"column":5}},"line":19},"3":{"name":"(anonymous_3)","decl":{"start":{"line":24,"column":14},"end":{"line":24,"column":15}},"loc":{"start":{"line":24,"column":20},"end":{"line":33,"column":5}},"line":24},"4":{"name":"(anonymous_4)","decl":{"start":{"line":25,"column":27},"end":{"line":25,"column":28}},"loc":{"start":{"line":25,"column":39},"end":{"line":31,"column":9}},"line":25},"5":{"name":"(anonymous_5)","decl":{"start":{"line":35,"column":14},"end":{"line":35,"column":15}},"loc":{"start":{"line":35,"column":20},"end":{"line":43,"column":5}},"line":35}},"branchMap":{"0":{"loc":{"start":{"line":37,"column":8},"end":{"line":42,"column":9}},"type":"if","locations":[{"start":{"line":37,"column":8},"end":{"line":42,"column":9}},{"start":{"line":39,"column":15},"end":{"line":42,"column":9}}],"line":37},"1":{"loc":{"start":{"line":101,"column":17},"end":{"line":107,"column":17}},"type":"binary-expr","locations":[{"start":{"line":101,"column":17},"end":{"line":101,"column":24}},{"start":{"line":102,"column":20},"end":{"line":106,"column":26}}],"line":101}},"s":{"0":1,"1":2,"2":2,"3":2,"4":0,"5":2,"6":1,"7":2,"8":1,"9":1,"10":0,"11":0,"12":1,"13":2,"14":1,"15":1,"16":0,"17":1,"18":1,"19":2},"f":{"0":2,"1":0,"2":1,"3":1,"4":1,"5":1},"b":{"0":[0,1],"1":[2,0]},"_coverageSchema":"1a1c01bbd47fc00a2c39e90264f33305004495a9","hash":"9d0c1a351c6e8dea9ea46d2873de58b314a4cfe3"}
,"/Users/kojiro/Projects/authentic-recipes/client/src/pages/PageNotFound/PageNotFound.tsx": {"path":"/Users/kojiro/Projects/authentic-recipes/client/src/pages/PageNotFound/PageNotFound.tsx","statementMap":{"0":{"start":{"line":1,"column":21},"end":{"line":20,"column":1}},"1":{"start":{"line":2,"column":4},"end":{"line":19,"column":5}}},"fnMap":{"0":{"name":"(anonymous_0)","decl":{"start":{"line":1,"column":21},"end":{"line":1,"column":22}},"loc":{"start":{"line":1,"column":27},"end":{"line":20,"column":1}},"line":1}},"branchMap":{},"s":{"0":1,"1":0},"f":{"0":0},"b":{},"_coverageSchema":"1a1c01bbd47fc00a2c39e90264f33305004495a9","hash":"ca2c75fceb3157b0bdbc1de92260a37931d915c4"}
,"/Users/kojiro/Projects/authentic-recipes/client/src/pages/Profile/Profile.tsx": {"path":"/Users/kojiro/Projects/authentic-recipes/client/src/pages/Profile/Profile.tsx","statementMap":{"0":{"start":{"line":13,"column":16},"end":{"line":66,"column":1}},"1":{"start":{"line":19,"column":19},"end":{"line":19,"column":30}},"2":{"start":{"line":20,"column":42},"end":{"line":20,"column":56}},"3":{"start":{"line":22,"column":4},"end":{"line":31,"column":11}},"4":{"start":{"line":23,"column":31},"end":{"line":29,"column":9}},"5":{"start":{"line":24,"column":29},"end":{"line":26,"column":14}},"6":{"start":{"line":27,"column":25},"end":{"line":27,"column":46}},"7":{"start":{"line":28,"column":12},"end":{"line":28,"column":33}},"8":{"start":{"line":30,"column":8},"end":{"line":30,"column":25}},"9":{"start":{"line":33,"column":4},"end":{"line":41,"column":5}},"10":{"start":{"line":34,"column":8},"end":{"line":40,"column":10}},"11":{"start":{"line":43,"column":4},"end":{"line":65,"column":6}}},"fnMap":{"0":{"name":"(anonymous_0)","decl":{"start":{"line":13,"column":16},"end":{"line":13,"column":17}},"loc":{"start":{"line":18,"column":20},"end":{"line":66,"column":1}},"line":18},"1":{"name":"(anonymous_1)","decl":{"start":{"line":22,"column":14},"end":{"line":22,"column":15}},"loc":{"start":{"line":22,"column":20},"end":{"line":31,"column":5}},"line":22},"2":{"name":"(anonymous_2)","decl":{"start":{"line":23,"column":31},"end":{"line":23,"column":32}},"loc":{"start":{"line":23,"column":43},"end":{"line":29,"column":9}},"line":23}},"branchMap":{"0":{"loc":{"start":{"line":33,"column":4},"end":{"line":41,"column":5}},"type":"if","locations":[{"start":{"line":33,"column":4},"end":{"line":41,"column":5}},{"start":{},"end":{}}],"line":33},"1":{"loc":{"start":{"line":57,"column":21},"end":{"line":61,"column":21}},"type":"binary-expr","locations":[{"start":{"line":57,"column":21},"end":{"line":57,"column":32}},{"start":{"line":58,"column":24},"end":{"line":60,"column":30}}],"line":57}},"s":{"0":1,"1":0,"2":0,"3":0,"4":0,"5":0,"6":0,"7":0,"8":0,"9":0,"10":0,"11":0},"f":{"0":0,"1":0,"2":0},"b":{"0":[0,0],"1":[0,0]},"_coverageSchema":"1a1c01bbd47fc00a2c39e90264f33305004495a9","hash":"852b03897b13d4a3e66884a6d805e7e2d8f05810"}
,"/Users/kojiro/Projects/authentic-recipes/client/src/pages/Recipe/Recipe.tsx": {"path":"/Users/kojiro/Projects/authentic-recipes/client/src/pages/Recipe/Recipe.tsx","statementMap":{"0":{"start":{"line":7,"column":15},"end":{"line":182,"column":1}},"1":{"start":{"line":14,"column":32},"end":{"line":14,"column":54}},"2":{"start":{"line":15,"column":19},"end":{"line":15,"column":30}},"3":{"start":{"line":16,"column":21},"end":{"line":16,"column":34}},"4":{"start":{"line":19,"column":4},"end":{"line":21,"column":11}},"5":{"start":{"line":20,"column":8},"end":{"line":20,"column":30}},"6":{"start":{"line":23,"column":4},"end":{"line":35,"column":11}},"7":{"start":{"line":24,"column":26},"end":{"line":33,"column":9}},"8":{"start":{"line":25,"column":29},"end":{"line":30,"column":13}},"9":{"start":{"line":31,"column":25},"end":{"line":31,"column":46}},"10":{"start":{"line":32,"column":12},"end":{"line":32,"column":28}},"11":{"start":{"line":34,"column":8},"end":{"line":34,"column":20}},"12":{"start":{"line":37,"column":25},"end":{"line":43,"column":5}},"13":{"start":{"line":38,"column":8},"end":{"line":40,"column":11}},"14":{"start":{"line":42,"column":8},"end":{"line":42,"column":28}},"15":{"start":{"line":45,"column":4},"end":{"line":107,"column":5}},"16":{"start":{"line":46,"column":8},"end":{"line":106,"column":10}},"17":{"start":{"line":99,"column":28},"end":{"line":99,"column":43}},"18":{"start":{"line":109,"column":4},"end":{"line":181,"column":6}}},"fnMap":{"0":{"name":"(anonymous_0)","decl":{"start":{"line":7,"column":15},"end":{"line":7,"column":16}},"loc":{"start":{"line":13,"column":6},"end":{"line":182,"column":1}},"line":13},"1":{"name":"(anonymous_1)","decl":{"start":{"line":19,"column":14},"end":{"line":19,"column":15}},"loc":{"start":{"line":19,"column":20},"end":{"line":21,"column":5}},"line":19},"2":{"name":"(anonymous_2)","decl":{"start":{"line":23,"column":14},"end":{"line":23,"column":15}},"loc":{"start":{"line":23,"column":20},"end":{"line":35,"column":5}},"line":23},"3":{"name":"(anonymous_3)","decl":{"start":{"line":24,"column":26},"end":{"line":24,"column":27}},"loc":{"start":{"line":24,"column":38},"end":{"line":33,"column":9}},"line":24},"4":{"name":"(anonymous_4)","decl":{"start":{"line":37,"column":25},"end":{"line":37,"column":26}},"loc":{"start":{"line":37,"column":37},"end":{"line":43,"column":5}},"line":37},"5":{"name":"(anonymous_5)","decl":{"start":{"line":98,"column":33},"end":{"line":98,"column":34}},"loc":{"start":{"line":98,"column":39},"end":{"line":100,"column":25}},"line":98}},"branchMap":{"0":{"loc":{"start":{"line":45,"column":4},"end":{"line":107,"column":5}},"type":"if","locations":[{"start":{"line":45,"column":4},"end":{"line":107,"column":5}},{"start":{},"end":{}}],"line":45},"1":{"loc":{"start":{"line":45,"column":8},"end":{"line":45,"column":42}},"type":"binary-expr","locations":[{"start":{"line":45,"column":8},"end":{"line":45,"column":14}},{"start":{"line":45,"column":18},"end":{"line":45,"column":42}}],"line":45},"2":{"loc":{"start":{"line":110,"column":8},"end":{"line":180,"column":9}},"type":"binary-expr","locations":[{"start":{"line":110,"column":8},"end":{"line":110,"column":14}},{"start":{"line":111,"column":12},"end":{"line":179,"column":18}}],"line":110}},"s":{"0":1,"1":0,"2":0,"3":0,"4":0,"5":0,"6":0,"7":0,"8":0,"9":0,"10":0,"11":0,"12":0,"13":0,"14":0,"15":0,"16":0,"17":0,"18":0},"f":{"0":0,"1":0,"2":0,"3":0,"4":0,"5":0},"b":{"0":[0,0],"1":[0,0],"2":[0,0]},"_coverageSchema":"1a1c01bbd47fc00a2c39e90264f33305004495a9","hash":"a0eb297c53c3d925fc048733eff54d949793752a"}
,"/Users/kojiro/Projects/authentic-recipes/client/src/pages/UnauthorizedAccess/UnauthorizedAccess.js": {"path":"/Users/kojiro/Projects/authentic-recipes/client/src/pages/UnauthorizedAccess/UnauthorizedAccess.js","statementMap":{"0":{"start":{"line":3,"column":27},"end":{"line":13,"column":1}},"1":{"start":{"line":4,"column":4},"end":{"line":12,"column":5}}},"fnMap":{"0":{"name":"(anonymous_0)","decl":{"start":{"line":3,"column":27},"end":{"line":3,"column":28}},"loc":{"start":{"line":3,"column":33},"end":{"line":13,"column":1}},"line":3}},"branchMap":{},"s":{"0":1,"1":0},"f":{"0":0},"b":{},"_coverageSchema":"1a1c01bbd47fc00a2c39e90264f33305004495a9","hash":"447d74e370e3e91a95b5d364829af24504cd5c10"}
}
