TN:
SF:src/App.tsx
FN:15,App
FNF:1
FNH:1
FNDA:1,App
DA:16,1
DA:18,1
LF:2
LH:2
BRDA:19,0,0,0
BRDA:19,0,1,1
BRDA:19,1,0,1
BRDA:19,1,1,0
BRDA:24,2,0,0
BRDA:24,2,1,0
BRDA:33,3,0,0
BRDA:33,3,1,0
BRDA:38,4,0,0
BRDA:38,4,1,0
BRDA:39,5,0,0
BRDA:39,5,1,0
BRDA:42,6,0,0
BRDA:42,6,1,0
BRDA:43,7,0,0
BRDA:43,7,1,0
BRF:16
BRH:2
end_of_record
TN:
SF:src/Countries.tsx
FNF:0
FNH:0
DA:1,1
LF:1
LH:1
BRF:0
BRH:0
end_of_record
TN:
SF:src/config.tsx
FNF:0
FNH:0
DA:1,2
LF:1
LH:1
BRF:0
BRH:0
end_of_record
TN:
SF:src/data.tsx
FNF:0
FNH:0
DA:3,0
LF:1
LH:0
BRF:0
BRH:0
end_of_record
TN:
SF:src/index.tsx
FNF:0
FNH:0
DA:6,0
DA:8,0
DA:9,0
DA:10,0
DA:13,0
DA:30,0
LF:6
LH:0
BRDA:8,0,0,0
BRDA:8,0,1,0
BRDA:14,1,0,0
BRDA:14,1,1,0
BRF:4
BRH:0
end_of_record
TN:
SF:src/components/ui/CountryCard/CountryCard.tsx
FN:15,(anonymous_0)
FN:19,(anonymous_1)
FNF:2
FNH:2
FNDA:3,(anonymous_0)
FNDA:25,(anonymous_1)
DA:15,2
DA:16,3
DA:20,25
LF:3
LH:3
BRDA:18,0,0,3
BRDA:18,0,1,3
BRF:2
BRH:2
end_of_record
TN:
SF:src/components/ui/Footer/Footer.tsx
FN:12,(anonymous_0)
FN:14,(anonymous_1)
FN:28,(anonymous_2)
FNF:3
FNH:1
FNDA:2,(anonymous_0)
FNDA:0,(anonymous_1)
FNDA:0,(anonymous_2)
DA:12,2
DA:13,2
DA:14,2
DA:15,0
DA:16,0
DA:19,2
DA:29,0
LF:7
LH:4
BRDA:40,0,0,2
BRDA:40,0,1,0
BRF:2
BRH:1
end_of_record
TN:
SF:src/components/ui/Login/Login.tsx
FN:4,(anonymous_0)
FN:8,(anonymous_1)
FNF:2
FNH:1
FNDA:8,(anonymous_0)
FNDA:0,(anonymous_1)
DA:4,3
DA:5,8
DA:7,8
DA:8,0
LF:4
LH:3
BRF:0
BRH:0
end_of_record
TN:
SF:src/components/ui/Logout/Logout.tsx
FN:5,(anonymous_0)
FN:9,(anonymous_1)
FNF:2
FNH:1
FNDA:2,(anonymous_0)
FNDA:0,(anonymous_1)
DA:5,3
DA:6,2
DA:8,2
DA:9,0
LF:4
LH:3
BRF:0
BRH:0
end_of_record
TN:
SF:src/components/ui/MyCarousel/MyCarousel.tsx
FN:6,(anonymous_0)
FN:24,(anonymous_1)
FN:28,(anonymous_2)
FNF:3
FNH:0
FNDA:0,(anonymous_0)
FNDA:0,(anonymous_1)
FNDA:0,(anonymous_2)
DA:6,1
DA:11,0
DA:25,0
DA:29,0
LF:4
LH:1
BRDA:12,0,0,0
BRDA:12,0,1,0
BRF:2
BRH:0
end_of_record
TN:
SF:src/components/ui/Navbar/Navbar.tsx
FN:15,(anonymous_0)
FN:20,(anonymous_1)
FN:24,(anonymous_2)
FN:28,(anonymous_3)
FN:39,(anonymous_4)
FN:41,(anonymous_5)
FNF:6
FNH:4
FNDA:8,(anonymous_0)
FNDA:0,(anonymous_1)
FNDA:0,(anonymous_2)
FNDA:4,(anonymous_3)
FNDA:8,(anonymous_4)
FNDA:8,(anonymous_5)
DA:15,2
DA:16,8
DA:17,8
DA:18,8
DA:20,8
DA:21,0
DA:24,8
DA:25,0
DA:28,8
DA:29,4
DA:30,4
DA:32,0
DA:33,0
DA:35,0
DA:39,8
DA:40,8
DA:41,8
DA:42,8
DA:46,8
DA:47,0
DA:50,8
LF:21
LH:15
BRDA:29,0,0,4
BRDA:29,0,1,0
BRDA:32,1,0,0
BRDA:32,1,1,0
BRDA:46,2,0,0
BRDA:46,2,1,8
BRDA:50,3,0,1
BRDA:50,3,1,7
BRDA:74,4,0,1
BRDA:74,4,1,0
BRDA:95,5,0,1
BRDA:95,5,1,0
BRDA:101,6,0,1
BRDA:101,6,1,0
BRDA:151,7,0,7
BRDA:151,7,1,0
BRF:16
BRH:8
end_of_record
TN:
SF:src/components/ui/RecipeCard/RecipeCard.tsx
FN:6,(anonymous_0)
FN:16,(anonymous_1)
FN:33,(anonymous_2)
FN:85,(anonymous_3)
FNF:4
FNH:3
FNDA:3,(anonymous_0)
FNDA:1,(anonymous_1)
FNDA:0,(anonymous_2)
FNDA:1,(anonymous_3)
DA:6,3
DA:16,3
DA:17,1
DA:18,1
DA:19,1
DA:21,1
DA:24,3
DA:25,0
DA:26,0
DA:33,0
DA:34,0
DA:75,3
DA:76,3
DA:77,2
DA:85,1
DA:86,1
DA:126,0
LF:17
LH:12
BRDA:24,0,0,0
BRDA:24,0,1,3
BRDA:24,1,0,3
BRDA:24,1,1,0
BRDA:25,2,0,0
BRDA:25,2,1,0
BRDA:75,3,0,3
BRDA:75,3,1,0
BRDA:76,4,0,2
BRDA:76,4,1,1
BRF:10
BRH:5
end_of_record
TN:
SF:src/hooks/useScrollToTop.tsx
FN:3,(anonymous_0)
FN:5,(anonymous_1)
FNF:2
FNH:2
FNDA:3,(anonymous_0)
FNDA:2,(anonymous_1)
DA:3,3
DA:5,3
DA:6,2
LF:3
LH:3
BRF:0
BRH:0
end_of_record
TN:
SF:src/pages/About/About.tsx
FN:4,(anonymous_0)
FNF:1
FNH:1
FNDA:1,(anonymous_0)
DA:4,2
DA:5,1
DA:7,1
LF:3
LH:3
BRF:0
BRH:0
end_of_record
TN:
SF:src/pages/Browse/Browse.tsx
FN:9,(anonymous_0)
FN:20,(anonymous_1)
FN:33,(anonymous_2)
FN:45,(anonymous_3)
FNF:4
FNH:1
FNDA:2,(anonymous_0)
FNDA:0,(anonymous_1)
FNDA:0,(anonymous_2)
FNDA:0,(anonymous_3)
DA:9,2
DA:10,2
DA:11,2
DA:12,2
DA:15,2
DA:16,2
DA:20,2
DA:21,0
DA:24,2
DA:34,0
DA:46,0
LF:11
LH:8
BRDA:13,0,0,0
BRDA:13,0,1,2
BRDA:25,1,0,2
BRDA:25,1,1,2
BRF:4
BRH:3
end_of_record
TN:
SF:src/pages/Browse/useFilteredResult.tsx
FN:4,(anonymous_0)
FN:8,(anonymous_1)
FN:9,(anonymous_2)
FNF:3
FNH:2
FNDA:2,(anonymous_0)
FNDA:1,(anonymous_1)
FNDA:0,(anonymous_2)
DA:4,2
DA:5,2
DA:6,2
DA:8,2
DA:9,1
DA:10,0
DA:12,1
DA:15,2
LF:8
LH:7
BRF:0
BRH:0
end_of_record
TN:
SF:src/pages/Browse/useGetAllRecipes.tsx
FN:4,(anonymous_0)
FN:7,(anonymous_1)
FN:8,(anonymous_2)
FNF:3
FNH:3
FNDA:2,(anonymous_0)
FNDA:1,(anonymous_1)
FNDA:1,(anonymous_2)
DA:4,2
DA:5,2
DA:7,2
DA:8,1
DA:9,1
DA:12,0
DA:13,0
DA:15,1
DA:17,2
LF:9
LH:7
BRF:0
BRH:0
end_of_record
TN:
SF:src/pages/Create/Create.tsx
FN:12,(anonymous_0)
FN:29,(anonymous_1)
FN:33,(anonymous_2)
FN:59,(anonymous_3)
FN:62,(anonymous_4)
FN:85,(anonymous_5)
FN:96,(anonymous_6)
FN:104,(anonymous_7)
FN:111,(anonymous_8)
FN:119,(anonymous_9)
FN:128,(anonymous_10)
FN:138,(anonymous_11)
FN:147,(anonymous_12)
FN:158,(anonymous_13)
FN:169,(anonymous_14)
FN:180,(anonymous_15)
FN:191,(anonymous_16)
FNF:17
FNH:0
FNDA:0,(anonymous_0)
FNDA:0,(anonymous_1)
FNDA:0,(anonymous_2)
FNDA:0,(anonymous_3)
FNDA:0,(anonymous_4)
FNDA:0,(anonymous_5)
FNDA:0,(anonymous_6)
FNDA:0,(anonymous_7)
FNDA:0,(anonymous_8)
FNDA:0,(anonymous_9)
FNDA:0,(anonymous_10)
FNDA:0,(anonymous_11)
FNDA:0,(anonymous_12)
FNDA:0,(anonymous_13)
FNDA:0,(anonymous_14)
FNDA:0,(anonymous_15)
FNDA:0,(anonymous_16)
DA:6,1
DA:12,1
DA:14,0
DA:15,0
DA:16,0
DA:17,0
DA:18,0
DA:19,0
DA:20,0
DA:21,0
DA:22,0
DA:23,0
DA:24,0
DA:25,0
DA:26,0
DA:29,0
DA:30,0
DA:33,0
DA:34,0
DA:37,0
DA:38,0
DA:39,0
DA:40,0
DA:41,0
DA:42,0
DA:43,0
DA:44,0
DA:45,0
DA:46,0
DA:47,0
DA:48,0
DA:49,0
DA:50,0
DA:51,0
DA:55,0
DA:60,0
DA:63,0
DA:67,0
DA:70,0
DA:71,0
DA:78,0
DA:86,0
DA:87,0
DA:97,0
DA:105,0
DA:112,0
DA:120,0
DA:129,0
DA:139,0
DA:148,0
DA:159,0
DA:170,0
DA:181,0
DA:192,0
LF:54
LH:2
BRDA:51,0,0,0
BRDA:51,0,1,0
BRDA:70,1,0,0
BRDA:70,1,1,0
BRDA:78,2,0,0
BRDA:78,2,1,0
BRDA:86,3,0,0
BRDA:86,3,1,0
BRF:8
BRH:0
end_of_record
TN:
SF:src/pages/Home/Home.tsx
FN:12,(anonymous_0)
FN:16,(anonymous_1)
FN:19,(anonymous_2)
FN:24,(anonymous_3)
FN:25,(anonymous_4)
FN:35,(anonymous_5)
FNF:6
FNH:5
FNDA:2,(anonymous_0)
FNDA:0,(anonymous_1)
FNDA:1,(anonymous_2)
FNDA:1,(anonymous_3)
FNDA:1,(anonymous_4)
FNDA:1,(anonymous_5)
DA:12,1
DA:14,2
DA:15,2
DA:16,2
DA:19,2
DA:20,1
DA:24,2
DA:25,1
DA:26,1
DA:29,0
DA:30,0
DA:32,1
DA:35,2
DA:36,1
DA:37,1
DA:38,0
DA:40,1
DA:41,1
DA:45,2
LF:19
LH:16
BRDA:37,0,0,0
BRDA:37,0,1,1
BRDA:101,1,0,2
BRDA:101,1,1,0
BRF:4
BRH:2
end_of_record
TN:
SF:src/pages/PageNotFound/PageNotFound.tsx
FN:1,(anonymous_0)
FNF:1
FNH:0
FNDA:0,(anonymous_0)
DA:1,1
DA:2,0
LF:2
LH:1
BRF:0
BRH:0
end_of_record
TN:
SF:src/pages/Profile/Profile.tsx
FN:13,(anonymous_0)
FN:22,(anonymous_1)
FN:23,(anonymous_2)
FNF:3
FNH:0
FNDA:0,(anonymous_0)
FNDA:0,(anonymous_1)
FNDA:0,(anonymous_2)
DA:13,1
DA:19,0
DA:20,0
DA:22,0
DA:23,0
DA:24,0
DA:27,0
DA:28,0
DA:30,0
DA:33,0
DA:34,0
DA:43,0
LF:12
LH:1
BRDA:33,0,0,0
BRDA:33,0,1,0
BRDA:57,1,0,0
BRDA:57,1,1,0
BRF:4
BRH:0
end_of_record
TN:
SF:src/pages/Recipe/Recipe.tsx
FN:7,(anonymous_0)
FN:19,(anonymous_1)
FN:23,(anonymous_2)
FN:24,(anonymous_3)
FN:37,(anonymous_4)
FN:98,(anonymous_5)
FNF:6
FNH:0
FNDA:0,(anonymous_0)
FNDA:0,(anonymous_1)
FNDA:0,(anonymous_2)
FNDA:0,(anonymous_3)
FNDA:0,(anonymous_4)
FNDA:0,(anonymous_5)
DA:7,1
DA:14,0
DA:15,0
DA:16,0
DA:19,0
DA:20,0
DA:23,0
DA:24,0
DA:25,0
DA:31,0
DA:32,0
DA:34,0
DA:37,0
DA:38,0
DA:42,0
DA:45,0
DA:46,0
DA:99,0
DA:109,0
LF:19
LH:1
BRDA:45,0,0,0
BRDA:45,0,1,0
BRDA:45,1,0,0
BRDA:45,1,1,0
BRDA:110,2,0,0
BRDA:110,2,1,0
BRF:6
BRH:0
end_of_record
TN:
SF:src/pages/UnauthorizedAccess/UnauthorizedAccess.js
FN:3,(anonymous_0)
FNF:1
FNH:0
FNDA:0,(anonymous_0)
DA:3,1
DA:4,0
LF:2
LH:1
BRF:0
BRH:0
end_of_record
